INFO  | 2026-01-26 22:21:45 | [main] service.BookServiceTest (BookServiceTest.java:33) - Starting BookService tests
INFO  | 2026-01-26 22:21:45 | [main] service.BookServiceTest (BookServiceTest.java:44) - Starting addBook positive test...
INFO  | 2026-01-26 22:21:45 | [main] service.BookServiceTest (BookServiceTest.java:57) - addBook positive test passed
INFO  | 2026-01-26 22:21:45 | [main] service.BookServiceTest (BookServiceTest.java:84) - Test completed.

INFO  | 2026-01-26 22:21:45 | [main] service.BookServiceTest (BookServiceTest.java:62) - Starting addBook negative invalid price test...
INFO  | 2026-01-26 22:21:45 | [main] service.BookServiceTest (BookServiceTest.java:84) - Test completed.

INFO  | 2026-01-26 22:21:45 | [main] service.BookServiceTest (BookServiceTest.java:72) - Starting addBook negative empty title test...
INFO  | 2026-01-26 22:21:45 | [main] service.BookServiceTest (BookServiceTest.java:84) - Test completed.

INFO  | 2026-01-26 22:21:45 | [main] service.BookServiceTest (BookServiceTest.java:89) - All BookService tests completed!
INFO  | 2026-01-26 22:47:14 | [main] service.BookServiceTest (BookServiceTest.java:36) - Starting BookService tests
INFO  | 2026-01-26 22:47:15 | [main] service.BookServiceTest (BookServiceTest.java:116) - Starting updateBook valid data test...
INFO  | 2026-01-26 22:47:15 | [main] service.BookServiceTest (BookServiceTest.java:213) - Test completed.

INFO  | 2026-01-26 22:47:15 | [main] service.BookServiceTest (BookServiceTest.java:105) - Starting getBookById invalid ID test...
INFO  | 2026-01-26 22:47:15 | [main] service.BookServiceTest (BookServiceTest.java:111) - getBookById invalid ID test passed
INFO  | 2026-01-26 22:47:15 | [main] service.BookServiceTest (BookServiceTest.java:213) - Test completed.

INFO  | 2026-01-26 22:47:15 | [main] service.BookServiceTest (BookServiceTest.java:155) - Starting deleteBook valid ID test...
INFO  | 2026-01-26 22:47:15 | [main] service.BookServiceTest (BookServiceTest.java:163) - deleteBook valid ID test passed
INFO  | 2026-01-26 22:47:15 | [main] service.BookServiceTest (BookServiceTest.java:213) - Test completed.

INFO  | 2026-01-26 22:47:15 | [main] service.BookServiceTest (BookServiceTest.java:47) - Starting addBook positive test...
INFO  | 2026-01-26 22:47:15 | [main] service.BookServiceTest (BookServiceTest.java:60) - addBook positive test passed
INFO  | 2026-01-26 22:47:15 | [main] service.BookServiceTest (BookServiceTest.java:213) - Test completed.

INFO  | 2026-01-26 22:47:15 | [main] service.BookServiceTest (BookServiceTest.java:186) - Starting getAllBooks test...
INFO  | 2026-01-26 22:47:15 | [main] service.BookServiceTest (BookServiceTest.java:207) - getAllBooks test passed
INFO  | 2026-01-26 22:47:15 | [main] service.BookServiceTest (BookServiceTest.java:213) - Test completed.

INFO  | 2026-01-26 22:47:15 | [main] service.BookServiceTest (BookServiceTest.java:65) - Starting addBook negative invalid price test...
INFO  | 2026-01-26 22:47:15 | [main] service.BookServiceTest (BookServiceTest.java:213) - Test completed.

INFO  | 2026-01-26 22:47:15 | [main] service.BookServiceTest (BookServiceTest.java:135) - Starting updateBook null title test...
INFO  | 2026-01-26 22:47:15 | [main] service.BookServiceTest (BookServiceTest.java:149) - updateBook null title test passed
INFO  | 2026-01-26 22:47:15 | [main] service.BookServiceTest (BookServiceTest.java:213) - Test completed.

INFO  | 2026-01-26 22:47:15 | [main] service.BookServiceTest (BookServiceTest.java:75) - Starting addBook negative empty title test...
INFO  | 2026-01-26 22:47:15 | [main] service.BookServiceTest (BookServiceTest.java:213) - Test completed.

INFO  | 2026-01-26 22:47:15 | [main] service.BookServiceTest (BookServiceTest.java:168) - Starting deleteBook invalid ID test...
ERROR | 2026-01-26 22:47:15 | [main] service.BookServiceTest (BookServiceTest.java:181) - Book not found for deletion
INFO  | 2026-01-26 22:47:15 | [main] service.BookServiceTest (BookServiceTest.java:213) - Test completed.

INFO  | 2026-01-26 22:47:15 | [main] service.BookServiceTest (BookServiceTest.java:85) - Starting getBookById valid ID test...
INFO  | 2026-01-26 22:47:15 | [main] service.BookServiceTest (BookServiceTest.java:99) - getBookById valid ID test passed
INFO  | 2026-01-26 22:47:15 | [main] service.BookServiceTest (BookServiceTest.java:213) - Test completed.

INFO  | 2026-01-26 22:47:15 | [main] service.BookServiceTest (BookServiceTest.java:218) - All BookService tests completed!
INFO  | 2026-01-26 22:49:32 | [main] service.BookServiceTest (BookServiceTest.java:36) - Starting BookService tests
INFO  | 2026-01-26 22:49:32 | [main] service.BookServiceTest (BookServiceTest.java:116) - Starting updateBook valid data test...
INFO  | 2026-01-26 22:49:32 | [main] service.BookServiceTest (BookServiceTest.java:130) - updateBook valid data test passed
INFO  | 2026-01-26 22:49:32 | [main] service.BookServiceTest (BookServiceTest.java:213) - Test completed.

INFO  | 2026-01-26 22:49:32 | [main] service.BookServiceTest (BookServiceTest.java:105) - Starting getBookById invalid ID test...
INFO  | 2026-01-26 22:49:32 | [main] service.BookServiceTest (BookServiceTest.java:111) - getBookById invalid ID test passed
INFO  | 2026-01-26 22:49:32 | [main] service.BookServiceTest (BookServiceTest.java:213) - Test completed.

INFO  | 2026-01-26 22:49:32 | [main] service.BookServiceTest (BookServiceTest.java:155) - Starting deleteBook valid ID test...
INFO  | 2026-01-26 22:49:32 | [main] service.BookServiceTest (BookServiceTest.java:163) - deleteBook valid ID test passed
INFO  | 2026-01-26 22:49:32 | [main] service.BookServiceTest (BookServiceTest.java:213) - Test completed.

INFO  | 2026-01-26 22:49:32 | [main] service.BookServiceTest (BookServiceTest.java:47) - Starting addBook positive test...
INFO  | 2026-01-26 22:49:32 | [main] service.BookServiceTest (BookServiceTest.java:60) - addBook positive test passed
INFO  | 2026-01-26 22:49:32 | [main] service.BookServiceTest (BookServiceTest.java:213) - Test completed.

INFO  | 2026-01-26 22:49:32 | [main] service.BookServiceTest (BookServiceTest.java:186) - Starting getAllBooks test...
INFO  | 2026-01-26 22:49:32 | [main] service.BookServiceTest (BookServiceTest.java:207) - getAllBooks test passed
INFO  | 2026-01-26 22:49:32 | [main] service.BookServiceTest (BookServiceTest.java:213) - Test completed.

INFO  | 2026-01-26 22:49:32 | [main] service.BookServiceTest (BookServiceTest.java:65) - Starting addBook negative invalid price test...
INFO  | 2026-01-26 22:49:32 | [main] service.BookServiceTest (BookServiceTest.java:213) - Test completed.

INFO  | 2026-01-26 22:49:32 | [main] service.BookServiceTest (BookServiceTest.java:135) - Starting updateBook null title test...
INFO  | 2026-01-26 22:49:32 | [main] service.BookServiceTest (BookServiceTest.java:149) - updateBook null title test passed
INFO  | 2026-01-26 22:49:32 | [main] service.BookServiceTest (BookServiceTest.java:213) - Test completed.

INFO  | 2026-01-26 22:49:32 | [main] service.BookServiceTest (BookServiceTest.java:75) - Starting addBook negative empty title test...
INFO  | 2026-01-26 22:49:32 | [main] service.BookServiceTest (BookServiceTest.java:213) - Test completed.

INFO  | 2026-01-26 22:49:32 | [main] service.BookServiceTest (BookServiceTest.java:168) - Starting deleteBook invalid ID test...
ERROR | 2026-01-26 22:49:32 | [main] service.BookServiceTest (BookServiceTest.java:181) - Book not found for deletion
INFO  | 2026-01-26 22:49:32 | [main] service.BookServiceTest (BookServiceTest.java:213) - Test completed.

INFO  | 2026-01-26 22:49:32 | [main] service.BookServiceTest (BookServiceTest.java:85) - Starting getBookById valid ID test...
INFO  | 2026-01-26 22:49:32 | [main] service.BookServiceTest (BookServiceTest.java:99) - getBookById valid ID test passed
INFO  | 2026-01-26 22:49:32 | [main] service.BookServiceTest (BookServiceTest.java:213) - Test completed.

INFO  | 2026-01-26 22:49:32 | [main] service.BookServiceTest (BookServiceTest.java:218) - All BookService tests completed!
INFO  | 2026-01-26 22:50:58 | [main] service.BookServiceTest (BookServiceTest.java:36) - Starting BookService tests
INFO  | 2026-01-26 22:50:58 | [main] service.BookServiceTest (BookServiceTest.java:41) - Running new test...
INFO  | 2026-01-26 22:50:58 | [main] service.BookServiceTest (BookServiceTest.java:115) - Starting updateBook valid data test...
INFO  | 2026-01-26 22:50:58 | [main] service.BookServiceTest (BookServiceTest.java:129) - updateBook valid data test passed
INFO  | 2026-01-26 22:50:58 | [main] service.BookServiceTest (BookServiceTest.java:212) - Test completed.

INFO  | 2026-01-26 22:50:58 | [main] service.BookServiceTest (BookServiceTest.java:41) - Running new test...
INFO  | 2026-01-26 22:50:58 | [main] service.BookServiceTest (BookServiceTest.java:104) - Starting getBookById invalid ID test...
INFO  | 2026-01-26 22:50:58 | [main] service.BookServiceTest (BookServiceTest.java:110) - getBookById invalid ID test passed
INFO  | 2026-01-26 22:50:58 | [main] service.BookServiceTest (BookServiceTest.java:212) - Test completed.

INFO  | 2026-01-26 22:50:58 | [main] service.BookServiceTest (BookServiceTest.java:41) - Running new test...
INFO  | 2026-01-26 22:50:58 | [main] service.BookServiceTest (BookServiceTest.java:154) - Starting deleteBook valid ID test...
INFO  | 2026-01-26 22:50:58 | [main] service.BookServiceTest (BookServiceTest.java:162) - deleteBook valid ID test passed
INFO  | 2026-01-26 22:50:58 | [main] service.BookServiceTest (BookServiceTest.java:212) - Test completed.

INFO  | 2026-01-26 22:50:58 | [main] service.BookServiceTest (BookServiceTest.java:41) - Running new test...
INFO  | 2026-01-26 22:50:58 | [main] service.BookServiceTest (BookServiceTest.java:46) - Starting addBook positive test...
INFO  | 2026-01-26 22:50:58 | [main] service.BookServiceTest (BookServiceTest.java:59) - addBook positive test passed
INFO  | 2026-01-26 22:50:58 | [main] service.BookServiceTest (BookServiceTest.java:212) - Test completed.

INFO  | 2026-01-26 22:50:58 | [main] service.BookServiceTest (BookServiceTest.java:41) - Running new test...
INFO  | 2026-01-26 22:50:58 | [main] service.BookServiceTest (BookServiceTest.java:185) - Starting getAllBooks test...
INFO  | 2026-01-26 22:50:58 | [main] service.BookServiceTest (BookServiceTest.java:206) - getAllBooks test passed
INFO  | 2026-01-26 22:50:58 | [main] service.BookServiceTest (BookServiceTest.java:212) - Test completed.

INFO  | 2026-01-26 22:50:58 | [main] service.BookServiceTest (BookServiceTest.java:41) - Running new test...
INFO  | 2026-01-26 22:50:58 | [main] service.BookServiceTest (BookServiceTest.java:64) - Starting addBook negative invalid price test...
INFO  | 2026-01-26 22:50:58 | [main] service.BookServiceTest (BookServiceTest.java:212) - Test completed.

INFO  | 2026-01-26 22:50:58 | [main] service.BookServiceTest (BookServiceTest.java:41) - Running new test...
INFO  | 2026-01-26 22:50:58 | [main] service.BookServiceTest (BookServiceTest.java:134) - Starting updateBook null title test...
INFO  | 2026-01-26 22:50:58 | [main] service.BookServiceTest (BookServiceTest.java:148) - updateBook null title test passed
INFO  | 2026-01-26 22:50:58 | [main] service.BookServiceTest (BookServiceTest.java:212) - Test completed.

INFO  | 2026-01-26 22:50:58 | [main] service.BookServiceTest (BookServiceTest.java:41) - Running new test...
INFO  | 2026-01-26 22:50:58 | [main] service.BookServiceTest (BookServiceTest.java:74) - Starting addBook negative empty title test...
INFO  | 2026-01-26 22:50:58 | [main] service.BookServiceTest (BookServiceTest.java:212) - Test completed.

INFO  | 2026-01-26 22:50:58 | [main] service.BookServiceTest (BookServiceTest.java:41) - Running new test...
INFO  | 2026-01-26 22:50:58 | [main] service.BookServiceTest (BookServiceTest.java:167) - Starting deleteBook invalid ID test...
ERROR | 2026-01-26 22:50:58 | [main] service.BookServiceTest (BookServiceTest.java:180) - Book not found for deletion
INFO  | 2026-01-26 22:50:58 | [main] service.BookServiceTest (BookServiceTest.java:212) - Test completed.

INFO  | 2026-01-26 22:50:58 | [main] service.BookServiceTest (BookServiceTest.java:41) - Running new test...
INFO  | 2026-01-26 22:50:58 | [main] service.BookServiceTest (BookServiceTest.java:84) - Starting getBookById valid ID test...
INFO  | 2026-01-26 22:50:58 | [main] service.BookServiceTest (BookServiceTest.java:98) - getBookById valid ID test passed
INFO  | 2026-01-26 22:50:58 | [main] service.BookServiceTest (BookServiceTest.java:212) - Test completed.

INFO  | 2026-01-26 22:50:58 | [main] service.BookServiceTest (BookServiceTest.java:217) - All BookService tests completed!
